Command: ninja all
[1/9] Performing build step for 'bootloader'
[1/1] C:\Windows\system32\cmd.exe /C "cd /D D:\personal\gitHub\findCrow\esp_ble_beacon\build\bootloader\esp-idf\esptool_py && C:\Espressif\python_env\idf5.5_py3.11_env\Scripts\python.exe C:/Espressif/frameworks/esp-idf-v5.5.1/components/partition_table/check_sizes.py --offset 0x8000 bootloader 0x1000 D:/personal/gitHub/findCrow/esp_ble_beacon/build/bootloader/bootloader.bin"
Bootloader binary size 0x6680 bytes. 0x980 bytes (8%) free.
[2/9] No install step for 'bootloader'
[3/9] Completed 'bootloader'
[4/9] Building C object esp-idf/main/CMakeFiles/__idf_main.dir/ble_beacon.c.obj
FAILED: esp-idf/main/CMakeFiles/__idf_main.dir/ble_beacon.c.obj 
ccache C:\Espressif\tools\xtensa-esp-elf\esp-14.2.0_20241119\xtensa-esp-elf\bin\xtensa-esp32-elf-gcc.exe -DESP_PLATFORM -DIDF_VER=\"v5.5.1-dirty\" -DSOC_MMU_PAGE_SIZE=CONFIG_MMU_PAGE_SIZE -DSOC_XTAL_FREQ_MHZ=CONFIG_XTAL_FREQ -D_GLIBCXX_HAVE_POSIX_SEMAPHORE -D_GLIBCXX_USE_POSIX_SEMAPHORE -D_GNU_SOURCE -D_POSIX_READER_WRITER_LOCKS -ID:/personal/gitHub/findCrow/esp_ble_beacon/build/config -ID:/personal/gitHub/findCrow/esp_ble_beacon/main -ID:/personal/gitHub/findCrow/esp_ble_beacon/main/include -IC:/Espressif/frameworks/esp-idf-v5.5.1/components/newlib/platform_include -IC:/Espressif/frameworks/esp-idf-v5.5.1/components/freertos/config/include -IC:/Espressif/frameworks/esp-idf-v5.5.1/components/freertos/config/include/freertos -IC:/Espressif/frameworks/esp-idf-v5.5.1/components/freertos/config/xtensa/include -IC:/Espressif/frameworks/esp-idf-v5.5.1/components/freertos/FreeRTOS-Kernel/include -IC:/Espressif/frameworks/esp-idf-v5.5.1/components/freertos/FreeRTOS-Kernel/portable/xtensa/include -IC:/Espressif/frameworks/esp-idf-v5.5.1/components/freertos/FreeRTOS-Kernel/portable/xtensa/include/freertos -IC:/Espressif/frameworks/esp-idf-v5.5.1/components/freertos/esp_additions/include -IC:/Espressif/frameworks/esp-idf-v5.5.1/components/esp_hw_support/include -IC:/Espressif/frameworks/esp-idf-v5.5.1/components/esp_hw_support/include/soc -IC:/Espressif/frameworks/esp-idf-v5.5.1/components/esp_hw_support/include/soc/esp32 -IC:/Espressif/frameworks/esp-idf-v5.5.1/components/esp_hw_support/dma/include -IC:/Espressif/frameworks/esp-idf-v5.5.1/components/esp_hw_support/ldo/include -IC:/Espressif/frameworks/esp-idf-v5.5.1/components/esp_hw_support/debug_probe/include -IC:/Espressif/frameworks/esp-idf-v5.5.1/components/esp_hw_support/mspi_timing_tuning/include -IC:/Espressif/frameworks/esp-idf-v5.5.1/components/esp_hw_support/mspi_timing_tuning/tuning_scheme_impl/include -IC:/Espressif/frameworks/esp-idf-v5.5.1/components/esp_hw_support/power_supply/include -IC:/Espressif/frameworks/esp-idf-v5.5.1/components/esp_hw_support/port/esp32/. -IC:/Espressif/frameworks/esp-idf-v5.5.1/components/esp_hw_support/port/esp32/include -IC:/Espressif/frameworks/esp-idf-v5.5.1/components/heap/include -IC:/Espressif/frameworks/esp-idf-v5.5.1/components/heap/tlsf -IC:/Espressif/frameworks/esp-idf-v5.5.1/components/log/include -IC:/Espressif/frameworks/esp-idf-v5.5.1/components/soc/include -IC:/Espressif/frameworks/esp-idf-v5.5.1/components/soc/esp32 -IC:/Espressif/frameworks/esp-idf-v5.5.1/components/soc/esp32/include -IC:/Espressif/frameworks/esp-idf-v5.5.1/components/soc/esp32/register -IC:/Espressif/frameworks/esp-idf-v5.5.1/components/hal/platform_port/include -IC:/Espressif/frameworks/esp-idf-v5.5.1/components/hal/esp32/include -IC:/Espressif/frameworks/esp-idf-v5.5.1/components/hal/include -IC:/Espressif/frameworks/esp-idf-v5.5.1/components/esp_rom/include -IC:/Espressif/frameworks/esp-idf-v5.5.1/components/esp_rom/esp32/include -IC:/Espressif/frameworks/esp-idf-v5.5.1/components/esp_rom/esp32/include/esp32 -IC:/Espressif/frameworks/esp-idf-v5.5.1/components/esp_rom/esp32 -IC:/Espressif/frameworks/esp-idf-v5.5.1/components/esp_common/include -IC:/Espressif/frameworks/esp-idf-v5.5.1/components/esp_system/include -IC:/Espressif/frameworks/esp-idf-v5.5.1/components/esp_system/port/soc -IC:/Espressif/frameworks/esp-idf-v5.5.1/components/esp_system/port/include/private -IC:/Espressif/frameworks/esp-idf-v5.5.1/components/xtensa/esp32/include -IC:/Espressif/frameworks/esp-idf-v5.5.1/components/xtensa/include -IC:/Espressif/frameworks/esp-idf-v5.5.1/components/xtensa/deprecated_include -IC:/Espressif/frameworks/esp-idf-v5.5.1/components/lwip/include -IC:/Espressif/frameworks/esp-idf-v5.5.1/components/lwip/include/apps -IC:/Espressif/frameworks/esp-idf-v5.5.1/components/lwip/include/apps/sntp -IC:/Espressif/frameworks/esp-idf-v5.5.1/components/lwip/lwip/src/include -IC:/Espressif/frameworks/esp-idf-v5.5.1/components/lwip/port/include -IC:/Espressif/frameworks/esp-idf-v5.5.1/components/lwip/port/freertos/include -IC:/Espressif/frameworks/esp-idf-v5.5.1/components/lwip/port/esp32xx/include -IC:/Espressif/frameworks/esp-idf-v5.5.1/components/lwip/port/esp32xx/include/arch -IC:/Espressif/frameworks/esp-idf-v5.5.1/components/lwip/port/esp32xx/include/sys -IC:/Espressif/frameworks/esp-idf-v5.5.1/components/nvs_flash/include -IC:/Espressif/frameworks/esp-idf-v5.5.1/components/esp_partition/include -mlongcalls -Wno-frame-address  -fno-builtin-memcpy -fno-builtin-memset -fno-builtin-bzero -fno-builtin-stpcpy -fno-builtin-strncpy -fdiagnostics-color=always -ffunction-sections -fdata-sections -Wall -Werror=all -Wno-error=unused-function -Wno-error=unused-variable -Wno-error=unused-but-set-variable -Wno-error=deprecated-declarations -Wextra -Wno-error=extra -Wno-unused-parameter -Wno-sign-compare -Wno-enum-conversion -gdwarf-4 -ggdb -Og -fno-shrink-wrap -fmacro-prefix-map=D:/personal/gitHub/findCrow/esp_ble_beacon=. -fmacro-prefix-map=C:/Espressif/frameworks/esp-idf-v5.5.1=/IDF -fstrict-volatile-bitfields -fno-jump-tables -fno-tree-switch-conversion -std=gnu17 -Wno-old-style-declaration -MD -MT esp-idf/main/CMakeFiles/__idf_main.dir/ble_beacon.c.obj -MF esp-idf\main\CMakeFiles\__idf_main.dir\ble_beacon.c.obj.d -o esp-idf/main/CMakeFiles/__idf_main.dir/ble_beacon.c.obj -c D:/personal/gitHub/findCrow/esp_ble_beacon/main/ble_beacon.c
In file included from D:/personal/gitHub/findCrow/esp_ble_beacon/main/ble_beacon.c:11:
D:/personal/gitHub/findCrow/esp_ble_beacon/main/include/ble_beacon.h:24:29: error: 'BLE_GAP_URI_PREFIX_HTTPS' undeclared here (not in a function)
   24 | static uint8_t esp_uri[] = {BLE_GAP_URI_PREFIX_HTTPS, '/', '/', 'e', 's', 'p', 'r', 'e', 's', 's', 'i', 'f', '.', 'c', 'o', 'm'};
      |                             ^~~~~~~~~~~~~~~~~~~~~~~~
D:/personal/gitHub/findCrow/esp_ble_beacon/main/ble_beacon.c: In function 'gap_init':
D:/personal/gitHub/findCrow/esp_ble_beacon/main/ble_beacon.c:28:5: error: implicit declaration of function 'ble_svc_gap_init' [-Wimplicit-function-declaration]
   28 |     ble_svc_gap_init();
      |     ^~~~~~~~~~~~~~~~
D:/personal/gitHub/findCrow/esp_ble_beacon/main/ble_beacon.c:31:10: error: implicit declaration of function 'ble_svc_gap_device_name_set' [-Wimplicit-function-declaration]
   31 |     rc = ble_svc_gap_device_name_set(BLE_DEVICE_NAME);
      |          ^~~~~~~~~~~~~~~~~~~~~~~~~~~
D:/personal/gitHub/findCrow/esp_ble_beacon/main/ble_beacon.c:39:10: error: implicit declaration of function 'ble_svc_gap_device_appearance_set' [-Wimplicit-function-declaration]
   39 |     rc = ble_svc_gap_device_appearance_set(BLE_GAP_APPEARANCE_GENERIC_TAG);
      |          ^~~~~~~~~~~~~~~~~~~~~~~~~~~~~~~~~
D:/personal/gitHub/findCrow/esp_ble_beacon/main/ble_beacon.c: In function 'start_advertising':
D:/personal/gitHub/findCrow/esp_ble_beacon/main/ble_beacon.c:54:12: error: variable 'adv_fields' has initializer but incomplete type
   54 |     struct ble_hs_adv_fields adv_fields = {0};
      |            ^~~~~~~~~~~~~~~~~
D:/personal/gitHub/findCrow/esp_ble_beacon/main/ble_beacon.c:54:44: warning: excess elements in struct initializer
   54 |     struct ble_hs_adv_fields adv_fields = {0};
      |                                            ^
D:/personal/gitHub/findCrow/esp_ble_beacon/main/ble_beacon.c:54:44: note: (near initialization for 'adv_fields')
D:/personal/gitHub/findCrow/esp_ble_beacon/main/ble_beacon.c:54:30: error: storage size of 'adv_fields' isn't known
   54 |     struct ble_hs_adv_fields adv_fields = {0};
      |                              ^~~~~~~~~~
D:/personal/gitHub/findCrow/esp_ble_beacon/main/ble_beacon.c:55:12: error: variable 'rsp_fields' has initializer but incomplete type
   55 |     struct ble_hs_adv_field rsp_fields  = {0};
      |            ^~~~~~~~~~~~~~~~
D:/personal/gitHub/findCrow/esp_ble_beacon/main/ble_beacon.c:55:44: warning: excess elements in struct initializer
   55 |     struct ble_hs_adv_field rsp_fields  = {0};
      |                                            ^
D:/personal/gitHub/findCrow/esp_ble_beacon/main/ble_beacon.c:55:44: note: (near initialization for 'rsp_fields')
D:/personal/gitHub/findCrow/esp_ble_beacon/main/ble_beacon.c:55:29: error: storage size of 'rsp_fields' isn't known
   55 |     struct ble_hs_adv_field rsp_fields  = {0};
      |                             ^~~~~~~~~~
D:/personal/gitHub/findCrow/esp_ble_beacon/main/ble_beacon.c:56:12: error: variable 'adv_params' has initializer but incomplete type
   56 |     struct ble_gap_adv_params adv_params = {0};
      |            ^~~~~~~~~~~~~~~~~~
D:/personal/gitHub/findCrow/esp_ble_beacon/main/ble_beacon.c:56:45: warning: excess elements in struct initializer
   56 |     struct ble_gap_adv_params adv_params = {0};
      |                                             ^
D:/personal/gitHub/findCrow/esp_ble_beacon/main/ble_beacon.c:56:45: note: (near initialization for 'adv_params')
D:/personal/gitHub/findCrow/esp_ble_beacon/main/ble_beacon.c:56:31: error: storage size of 'adv_params' isn't known
   56 |     struct ble_gap_adv_params adv_params = {0};
      |                               ^~~~~~~~~~
D:/personal/gitHub/findCrow/esp_ble_beacon/main/ble_beacon.c:59:24: error: 'BLE_HS_ADV_F_DISC_GEN' undeclared (first use in this function)
   59 |     adv_fields.flags = BLE_HS_ADV_F_DISC_GEN | BLE_HS_ADV_F_BREDR_UNSUP;
      |                        ^~~~~~~~~~~~~~~~~~~~~
D:/personal/gitHub/findCrow/esp_ble_beacon/main/ble_beacon.c:59:24: note: each undeclared identifier is reported only once for each function it appears in
D:/personal/gitHub/findCrow/esp_ble_beacon/main/ble_beacon.c:59:48: error: 'BLE_HS_ADV_F_BREDR_UNSUP' undeclared (first use in this function)
   59 |     adv_fields.flags = BLE_HS_ADV_F_DISC_GEN | BLE_HS_ADV_F_BREDR_UNSUP;
      |                                                ^~~~~~~~~~~~~~~~~~~~~~~~
D:/personal/gitHub/findCrow/esp_ble_beacon/main/ble_beacon.c:62:12: error: implicit declaration of function 'ble_svc_gap_device_name' [-Wimplicit-function-declaration]
   62 |     name = ble_svc_gap_device_name();
      |            ^~~~~~~~~~~~~~~~~~~~~~~
D:/personal/gitHub/findCrow/esp_ble_beacon/main/ble_beacon.c:62:10: error: assignment to 'const char *' from 'int' makes pointer from integer without a cast [-Wint-conversion]
   62 |     name = ble_svc_gap_device_name();
      |          ^
D:/personal/gitHub/findCrow/esp_ble_beacon/main/ble_beacon.c:68:29: error: 'BLE_HS_ADV_TX_PWR_LVL_AUTO' undeclared (first use in this function)
   68 |     adv_fields.tx_pwr_lvl = BLE_HS_ADV_TX_PWR_LVL_AUTO;
      |                             ^~~~~~~~~~~~~~~~~~~~~~~~~~
D:/personal/gitHub/findCrow/esp_ble_beacon/main/ble_beacon.c:80:10: error: implicit declaration of function 'ble_gap_adv_set_fields' [-Wimplicit-function-declaration]
   80 |     rc = ble_gap_adv_set_fields(&adv_fields);
      |          ^~~~~~~~~~~~~~~~~~~~~~
D:/personal/gitHub/findCrow/esp_ble_beacon/main/ble_beacon.c:96:10: error: implicit declaration of function 'ble_gap_adv_rsp_set_fields' [-Wimplicit-function-declaration]
   96 |     rc = ble_gap_adv_rsp_set_fields(&rsp_fields);
      |          ^~~~~~~~~~~~~~~~~~~~~~~~~~
D:/personal/gitHub/findCrow/esp_ble_beacon/main/ble_beacon.c:103:28: error: 'BLE_GAP_CONN_MODE_NON' undeclared (first use in this function)
  103 |     adv_params.conn_mode = BLE_GAP_CONN_MODE_NON;
      |                            ^~~~~~~~~~~~~~~~~~~~~
D:/personal/gitHub/findCrow/esp_ble_beacon/main/ble_beacon.c:104:28: error: 'BLE_GAP_DISC_MODE_GEN' undeclared (first use in this function)
  104 |     adv_params.disc_mode = BLE_GAP_DISC_MODE_GEN;
      |                            ^~~~~~~~~~~~~~~~~~~~~
D:/personal/gitHub/findCrow/esp_ble_beacon/main/ble_beacon.c:107:10: error: implicit declaration of function 'ble_gap_adv_start' [-Wimplicit-function-declaration]
  107 |     rc = ble_gap_adv_start(own_addr_type, NULL, BLE_HS_FOREVER, &adv_params, NULL, NULL);
      |          ^~~~~~~~~~~~~~~~~
D:/personal/gitHub/findCrow/esp_ble_beacon/main/ble_beacon.c:107:49: error: 'BLE_HS_FOREVER' undeclared (first use in this function)
  107 |     rc = ble_gap_adv_start(own_addr_type, NULL, BLE_HS_FOREVER, &adv_params, NULL, NULL);
      |                                                 ^~~~~~~~~~~~~~
D:/personal/gitHub/findCrow/esp_ble_beacon/main/ble_beacon.c:56:31: warning: unused variable 'adv_params' [-Wunused-variable]
   56 |     struct ble_gap_adv_params adv_params = {0};
      |                               ^~~~~~~~~~
D:/personal/gitHub/findCrow/esp_ble_beacon/main/ble_beacon.c:55:29: warning: unused variable 'rsp_fields' [-Wunused-variable]
   55 |     struct ble_hs_adv_field rsp_fields  = {0};
      |                             ^~~~~~~~~~
D:/personal/gitHub/findCrow/esp_ble_beacon/main/ble_beacon.c:54:30: warning: unused variable 'adv_fields' [-Wunused-variable]
   54 |     struct ble_hs_adv_fields adv_fields = {0};
      |                              ^~~~~~~~~~
D:/personal/gitHub/findCrow/esp_ble_beacon/main/ble_beacon.c: In function 'adv_init':
D:/personal/gitHub/findCrow/esp_ble_beacon/main/ble_beacon.c:130:10: error: implicit declaration of function 'ble_hs_util_ensure_addr' [-Wimplicit-function-declaration]
  130 |     rc = ble_hs_util_ensure_addr(0)
      |          ^~~~~~~~~~~~~~~~~~~~~~~
D:/personal/gitHub/findCrow/esp_ble_beacon/main/ble_beacon.c:130:36: error: expected ';' before 'if'
  130 |     rc = ble_hs_util_ensure_addr(0)
      |                                    ^
      |                                    ;
  131 |     if(0!=rc){
      |     ~~                              
D:/personal/gitHub/findCrow/esp_ble_beacon/main/ble_beacon.c:148:9: error: implicit declaration of function 'ble_hs_id_copy_addr' [-Wimplicit-function-declaration]
  148 |    rc = ble_hs_id_copy_addr(own_addr_type, addr_val, NULL);
      |         ^~~~~~~~~~~~~~~~~~~
In file included from D:/personal/gitHub/findCrow/esp_ble_beacon/main/include/ble_beacon.h:5:
D:/personal/gitHub/findCrow/esp_ble_beacon/main/ble_beacon.c:150:14: error: 'TAg' undeclared (first use in this function); did you mean 'TAG'?
  150 |     ESP_LOGE(TAg,"failed to copy device address, error code: %d",rc);
      |              ^~~
C:/Espressif/frameworks/esp-idf-v5.5.1/components/log/include/esp_log.h:220:111: note: in definition of macro 'ESP_LOG_LEVEL'
  220 |         if (ESP_LOG_GET_LEVEL(configs)==ESP_LOG_ERROR)        { esp_log(ESP_LOG_CONFIG_INIT(ESP_LOG_ERROR),   tag, LOG_FORMAT(E, format), esp_log_timestamp(), tag, ##__VA_ARGS__); } \
      |                                                                                                               ^~~
C:/Espressif/frameworks/esp-idf-v5.5.1/components/log/include/esp_log.h:123:41: note: in expansion of macro 'ESP_LOG_LEVEL_LOCAL'
  123 | #define ESP_LOGE(tag, format, ...) do { ESP_LOG_LEVEL_LOCAL(ESP_LOG_ERROR, tag, format, ##__VA_ARGS__); } while(0)
      |                                         ^~~~~~~~~~~~~~~~~~~
D:/personal/gitHub/findCrow/esp_ble_beacon/main/ble_beacon.c:150:5: note: in expansion of macro 'ESP_LOGE'
  150 |     ESP_LOGE(TAg,"failed to copy device address, error code: %d",rc);
      |     ^~~~~~~~
D:/personal/gitHub/findCrow/esp_ble_beacon/main/ble_beacon.c: In function 'nimble_host_config_init':
D:/personal/gitHub/findCrow/esp_ble_beacon/main/ble_beacon.c:185:5: error: 'ble_hs_cfg' undeclared (first use in this function)
  185 |     ble_hs_cfg.reset_cb         = on_stack_reset;
      |     ^~~~~~~~~~
D:/personal/gitHub/findCrow/esp_ble_beacon/main/ble_beacon.c:187:5: error: 'ble_hsS_cfg' undeclared (first use in this function)
  187 |     ble_hsS_cfg.store_status_cb = ble_store_util_status_rr;
      |     ^~~~~~~~~~~
D:/personal/gitHub/findCrow/esp_ble_beacon/main/ble_beacon.c:187:35: error: 'ble_store_util_status_rr' undeclared (first use in this function)
  187 |     ble_hsS_cfg.store_status_cb = ble_store_util_status_rr;
      |                                   ^~~~~~~~~~~~~~~~~~~~~~~~
D:/personal/gitHub/findCrow/esp_ble_beacon/main/ble_beacon.c:190:5: error: implicit declaration of function 'ble_store_config_init'; did you mean 'nimble_host_config_init'? [-Wimplicit-function-declaration]
  190 |     ble_store_config_init();
      |     ^~~~~~~~~~~~~~~~~~~~~
      |     nimble_host_config_init
D:/personal/gitHub/findCrow/esp_ble_beacon/main/ble_beacon.c: In function 'nimble_host_task':
D:/personal/gitHub/findCrow/esp_ble_beacon/main/ble_beacon.c:199:5: error: implicit declaration of function 'nimble_port_run' [-Wimplicit-function-declaration]
  199 |     nimble_port_run();
      |     ^~~~~~~~~~~~~~~
D:/personal/gitHub/findCrow/esp_ble_beacon/main/ble_beacon.c: In function 'app_main':
D:/personal/gitHub/findCrow/esp_ble_beacon/main/ble_beacon.c:208:5: error: expected ';' before 'int'
  208 |     int rc = 0;
      |     ^~~
D:/personal/gitHub/findCrow/esp_ble_beacon/main/ble_beacon.c:227:11: error: implicit declaration of function 'nimble_port_init' [-Wimplicit-function-declaration]
  227 |     ret = nimble_port_init();
      |           ^~~~~~~~~~~~~~~~
D:/personal/gitHub/findCrow/esp_ble_beacon/main/ble_beacon.c:235:5: error: 'rc' undeclared (first use in this function)
  235 |     rc = gap_init();
      |     ^~
ninja: build stopped: subcommand failed.
